{"timestamp":"2026-01-23T09:52:36.483Z","level":"INFO","message":"Starting InferencerC server...","meta":{"port":3000},"pid":21220,"hostname":"GenieEclipse"}
{"timestamp":"2026-01-23T09:55:37.833Z","level":"INFO","message":"Starting InferencerC server...","meta":{"port":3000},"pid":3140,"hostname":"GenieEclipse"}
{"timestamp":"2026-01-23T09:58:35.605Z","level":"INFO","message":"Starting InferencerC server...","meta":{"port":3000},"pid":16148,"hostname":"GenieEclipse"}
{"timestamp":"2026-01-23T09:59:33.295Z","level":"INFO","message":"Processing chat request","meta":{"model":"local-lmstudio","messageCount":2},"pid":16148,"hostname":"GenieEclipse"}
{"timestamp":"2026-01-23T09:59:35.124Z","level":"INFO","message":"Chat request completed","meta":{"model":"local-lmstudio","choiceCount":2},"pid":16148,"hostname":"GenieEclipse"}
{"timestamp":"2026-01-23T10:06:43.173Z","level":"INFO","message":"Starting InferencerC server...","meta":{"port":3000},"pid":22056,"hostname":"GenieEclipse"}
{"timestamp":"2026-01-23T10:27:43.971Z","level":"INFO","message":"Starting InferencerC server...","meta":{"port":3000},"pid":12500,"hostname":"GenieEclipse"}
{"timestamp":"2026-01-23T10:29:15.104Z","level":"INFO","message":"Processing chat request","meta":{"model":"local-lmstudio","messageCount":2},"pid":12500,"hostname":"GenieEclipse"}
{"timestamp":"2026-01-23T10:29:16.487Z","level":"INFO","message":"Chat request completed","meta":{"model":"local-lmstudio","choiceCount":2},"pid":12500,"hostname":"GenieEclipse"}
{"timestamp":"2026-01-23T10:37:22.831Z","level":"INFO","message":"Starting InferencerC server...","meta":{"port":3000},"pid":9660,"hostname":"GenieEclipse"}
{"timestamp":"2026-01-23T11:04:10.850Z","level":"INFO","message":"Starting InferencerC server...","meta":{"port":3000},"pid":6868,"hostname":"GenieEclipse"}
{"timestamp":"2026-01-23T11:13:40.553Z","level":"INFO","message":"Starting InferencerC server...","meta":{"port":3000},"pid":16664,"hostname":"GenieEclipse"}
{"timestamp":"2026-01-23T11:19:02.127Z","level":"INFO","message":"Starting InferencerC server...","meta":{"port":3000},"pid":19688,"hostname":"GenieEclipse"}
{"timestamp":"2026-01-23T11:20:27.431Z","level":"INFO","message":"Processing chat request","meta":{"model":"local-lmstudio","messageCount":2},"pid":19688,"hostname":"GenieEclipse"}
{"timestamp":"2026-01-23T11:20:44.016Z","level":"INFO","message":"Chat request completed","meta":{"model":"local-lmstudio","choiceCount":2},"pid":19688,"hostname":"GenieEclipse"}
{"timestamp":"2026-01-23T11:37:46.947Z","level":"INFO","message":"Starting InferencerC server...","meta":{"port":3000},"pid":16272,"hostname":"GenieEclipse"}
{"timestamp":"2026-01-23T11:39:30.077Z","level":"INFO","message":"Processing chat request","meta":{"model":"local-lmstudio","messageCount":2},"pid":16272,"hostname":"GenieEclipse"}
{"timestamp":"2026-01-23T11:39:50.608Z","level":"INFO","message":"Chat request completed","meta":{"model":"local-lmstudio","choiceCount":1},"pid":16272,"hostname":"GenieEclipse"}
{"timestamp":"2026-01-23T11:48:51.790Z","level":"INFO","message":"Starting InferencerC server...","meta":{"port":3000},"pid":24472,"hostname":"GenieEclipse"}
{"timestamp":"2026-01-23T11:50:17.372Z","level":"INFO","message":"Processing chat request","meta":{"model":"local-lmstudio","messageCount":2},"pid":24472,"hostname":"GenieEclipse"}
{"timestamp":"2026-01-23T11:50:42.980Z","level":"INFO","message":"Chat request completed","meta":{"model":"local-lmstudio","choiceCount":1},"pid":24472,"hostname":"GenieEclipse"}
{"timestamp":"2026-01-23T11:59:18.502Z","level":"INFO","message":"Starting InferencerC server...","meta":{"port":3000},"pid":17440,"hostname":"GenieEclipse"}
{"timestamp":"2026-01-23T12:00:44.717Z","level":"INFO","message":"Processing chat request","meta":{"model":"local-lmstudio","messageCount":2},"pid":17440,"hostname":"GenieEclipse"}
{"timestamp":"2026-01-23T12:00:52.668Z","level":"INFO","message":"Chat request completed","meta":{"model":"local-lmstudio","choiceCount":2},"pid":17440,"hostname":"GenieEclipse"}
{"timestamp":"2026-01-23T12:03:25.209Z","level":"INFO","message":"Processing chat request","meta":{"model":"local-lmstudio","messageCount":2},"pid":17440,"hostname":"GenieEclipse"}
{"timestamp":"2026-01-23T12:03:26.552Z","level":"INFO","message":"Chat request completed","meta":{"model":"local-lmstudio","choiceCount":2},"pid":17440,"hostname":"GenieEclipse"}
{"timestamp":"2026-01-23T21:14:02.793Z","level":"INFO","message":"Starting InferencerC server...","meta":{"port":3000},"pid":508,"hostname":"GenieEclipse"}
{"timestamp":"2026-01-23T21:14:56.597Z","level":"INFO","message":"Processing chat request","meta":{"model":"local-lmstudio","messageCount":2},"pid":508,"hostname":"GenieEclipse"}
{"timestamp":"2026-01-23T21:16:46.517Z","level":"INFO","message":"Chat request completed","meta":{"model":"local-lmstudio","choiceCount":1},"pid":508,"hostname":"GenieEclipse"}
{"timestamp":"2026-01-23T21:31:38.871Z","level":"INFO","message":"Starting InferencerC server...","meta":{"port":3000},"pid":18316,"hostname":"GenieEclipse"}
{"timestamp":"2026-01-23T21:32:56.822Z","level":"INFO","message":"Processing chat request","meta":{"model":"local-lmstudio","messageCount":2},"pid":18316,"hostname":"GenieEclipse"}
{"timestamp":"2026-01-23T21:33:16.512Z","level":"INFO","message":"Chat request completed","meta":{"model":"local-lmstudio","choiceCount":1},"pid":18316,"hostname":"GenieEclipse"}
{"timestamp":"2026-01-23T21:43:42.317Z","level":"INFO","message":"Starting InferencerC server...","meta":{"port":3000},"pid":12952,"hostname":"GenieEclipse"}
{"timestamp":"2026-01-23T21:48:13.983Z","level":"INFO","message":"Processing chat request","meta":{"model":"local-lmstudio","messageCount":2},"pid":12952,"hostname":"GenieEclipse"}
{"timestamp":"2026-01-23T21:53:55.079Z","level":"ERROR","message":"Error processing chat request","meta":{"error":"Unexpected token 'd', \"data: {\"id\"... is not valid JSON","stack":"SyntaxError: Unexpected token 'd', \"data: {\"id\"... is not valid JSON\n    at JSON.parse (<anonymous>)\n    at parseJSONFromBytes (node:internal/deps/undici/undici:6433:19)\n    at successSteps (node:internal/deps/undici/undici:6414:27)\n    at readAllBytes (node:internal/deps/undici/undici:5380:13)\n    at process.processTicksAndRejections (node:internal/process/task_queues:103:5)"},"pid":12952,"hostname":"GenieEclipse"}
{"timestamp":"2026-01-23T22:00:12.382Z","level":"INFO","message":"Starting InferencerC server...","meta":{"port":3000},"pid":1276,"hostname":"GenieEclipse"}
{"timestamp":"2026-01-23T22:01:01.008Z","level":"INFO","message":"Processing chat request","meta":{"model":"local-lmstudio","messageCount":2},"pid":1276,"hostname":"GenieEclipse"}
{"timestamp":"2026-01-23T22:01:11.591Z","level":"ERROR","message":"Error processing chat request","meta":{"error":"Unexpected token 'd', \"data: {\"id\"... is not valid JSON","stack":"SyntaxError: Unexpected token 'd', \"data: {\"id\"... is not valid JSON\n    at JSON.parse (<anonymous>)\n    at parseJSONFromBytes (node:internal/deps/undici/undici:6433:19)\n    at successSteps (node:internal/deps/undici/undici:6414:27)\n    at readAllBytes (node:internal/deps/undici/undici:5380:13)\n    at process.processTicksAndRejections (node:internal/process/task_queues:103:5)"},"pid":1276,"hostname":"GenieEclipse"}
{"timestamp":"2026-01-23T22:03:35.961Z","level":"INFO","message":"Starting InferencerC server...","meta":{"port":3000},"pid":16936,"hostname":"GenieEclipse"}
{"timestamp":"2026-01-23T22:04:03.885Z","level":"INFO","message":"Processing chat request","meta":{"model":"local-lmstudio","messageCount":2},"pid":16936,"hostname":"GenieEclipse"}
{"timestamp":"2026-01-23T22:04:10.512Z","level":"ERROR","message":"Error processing chat request","meta":{"error":"Unexpected token 'd', \"data: {\"id\"... is not valid JSON","stack":"SyntaxError: Unexpected token 'd', \"data: {\"id\"... is not valid JSON\n    at JSON.parse (<anonymous>)\n    at parseJSONFromBytes (node:internal/deps/undici/undici:6433:19)\n    at successSteps (node:internal/deps/undici/undici:6414:27)\n    at readAllBytes (node:internal/deps/undici/undici:5380:13)\n    at process.processTicksAndRejections (node:internal/process/task_queues:103:5)"},"pid":16936,"hostname":"GenieEclipse"}
{"timestamp":"2026-01-23T22:07:45.258Z","level":"INFO","message":"Starting InferencerC server...","meta":{"port":3000},"pid":18896,"hostname":"GenieEclipse"}
{"timestamp":"2026-01-23T22:08:10.763Z","level":"INFO","message":"Processing chat request","meta":{"model":"local-lmstudio","messageCount":2,"stream":true},"pid":18896,"hostname":"GenieEclipse"}
{"timestamp":"2026-01-23T22:08:20.170Z","level":"INFO","message":"Chat stream completed","meta":{"model":"local-lmstudio"},"pid":18896,"hostname":"GenieEclipse"}
{"timestamp":"2026-01-23T22:12:22.243Z","level":"INFO","message":"Starting InferencerC server...","meta":{"port":3000},"pid":18440,"hostname":"GenieEclipse"}
{"timestamp":"2026-01-23T22:13:12.445Z","level":"INFO","message":"Processing chat request","meta":{"model":"local-lmstudio","messageCount":2,"stream":true},"pid":18440,"hostname":"GenieEclipse"}
{"timestamp":"2026-01-23T22:13:21.058Z","level":"INFO","message":"Chat stream completed","meta":{"model":"local-lmstudio"},"pid":18440,"hostname":"GenieEclipse"}
{"timestamp":"2026-01-23T22:24:45.964Z","level":"INFO","message":"Starting InferencerC server...","meta":{"port":3000},"pid":12164,"hostname":"GenieEclipse"}
{"timestamp":"2026-01-23T22:31:23.562Z","level":"INFO","message":"Starting InferencerC server...","meta":{"port":3000},"pid":18156,"hostname":"GenieEclipse"}
{"timestamp":"2026-01-23T22:32:18.735Z","level":"INFO","message":"Processing chat request","meta":{"model":"local-lmstudio","messageCount":2,"stream":true},"pid":18156,"hostname":"GenieEclipse"}
{"timestamp":"2026-01-23T22:32:19.362Z","level":"INFO","message":"Chat stream completed","meta":{"model":"local-lmstudio"},"pid":18156,"hostname":"GenieEclipse"}
{"timestamp":"2026-01-23T22:41:14.587Z","level":"INFO","message":"Starting InferencerC server...","meta":{"port":3000},"pid":17612,"hostname":"GenieEclipse"}
{"timestamp":"2026-01-23T22:41:58.403Z","level":"INFO","message":"Processing chat request","meta":{"model":"local-lmstudio","messageCount":2,"stream":true},"pid":17612,"hostname":"GenieEclipse"}
{"timestamp":"2026-01-23T22:42:15.990Z","level":"INFO","message":"Chat stream completed","meta":{"model":"local-lmstudio"},"pid":17612,"hostname":"GenieEclipse"}
{"timestamp":"2026-01-23T23:00:17.864Z","level":"INFO","message":"Starting InferencerC server...","meta":{"port":3000},"pid":19128,"hostname":"GenieEclipse"}
{"timestamp":"2026-01-23T23:07:16.665Z","level":"INFO","message":"Starting InferencerC server...","meta":{"port":3000},"pid":3720,"hostname":"GenieEclipse"}
{"timestamp":"2026-01-23T23:15:08.869Z","level":"INFO","message":"Starting InferencerC server...","meta":{"port":3000},"pid":18300,"hostname":"GenieEclipse"}
{"timestamp":"2026-01-23T23:18:02.086Z","level":"INFO","message":"Processing chat request","meta":{"model":"local-lmstudio","messageCount":2,"stream":true},"pid":18300,"hostname":"GenieEclipse"}
{"timestamp":"2026-01-23T23:18:14.433Z","level":"INFO","message":"Chat stream completed","meta":{"model":"local-lmstudio"},"pid":18300,"hostname":"GenieEclipse"}
{"timestamp":"2026-01-23T23:27:44.931Z","level":"INFO","message":"Starting InferencerC server...","meta":{"port":3000},"pid":352,"hostname":"GenieEclipse"}
{"timestamp":"2026-01-23T23:37:00.256Z","level":"INFO","message":"Starting InferencerC server...","meta":{"port":3000},"pid":3188,"hostname":"GenieEclipse"}
{"timestamp":"2026-01-24T00:10:43.156Z","level":"INFO","message":"Starting InferencerC server...","meta":{"port":3000},"pid":18900,"hostname":"GenieEclipse"}
{"timestamp":"2026-01-24T00:38:48.951Z","level":"INFO","message":"Starting InferencerC server...","meta":{"port":3000},"pid":15300,"hostname":"GenieEclipse"}
{"timestamp":"2026-01-24T00:58:54.187Z","level":"INFO","message":"Starting InferencerC server...","meta":{"port":3000},"pid":14512,"hostname":"GenieEclipse"}
{"timestamp":"2026-01-24T01:00:18.306Z","level":"INFO","message":"Processing chat request","meta":{"model":"local-lmstudio","messageCount":2,"stream":true},"pid":14512,"hostname":"GenieEclipse"}
{"timestamp":"2026-01-24T01:00:20.976Z","level":"INFO","message":"Chat stream completed","meta":{"model":"local-lmstudio"},"pid":14512,"hostname":"GenieEclipse"}
{"timestamp":"2026-01-24T01:08:58.564Z","level":"INFO","message":"Starting InferencerC server...","meta":{"port":3000},"pid":20532,"hostname":"GenieEclipse"}
{"timestamp":"2026-01-24T01:26:23.591Z","level":"INFO","message":"Starting InferencerC server...","meta":{"port":3000},"pid":16748,"hostname":"GenieEclipse"}
{"timestamp":"2026-01-24T01:29:43.997Z","level":"INFO","message":"Processing chat request","meta":{"model":"local-lmstudio","messageCount":2,"stream":true},"pid":16748,"hostname":"GenieEclipse"}
{"timestamp":"2026-01-24T01:35:04.454Z","level":"INFO","message":"Chat stream completed","meta":{"model":"local-lmstudio"},"pid":16748,"hostname":"GenieEclipse"}
{"timestamp":"2026-01-24T01:37:06.535Z","level":"INFO","message":"Processing chat request","meta":{"model":"local-lmstudio","messageCount":4,"stream":false},"pid":16748,"hostname":"GenieEclipse"}
{"timestamp":"2026-01-24T01:42:09.583Z","level":"ERROR","message":"Error processing chat request","meta":{"error":"fetch failed","stack":"TypeError: fetch failed\n    at node:internal/deps/undici/undici:15845:13\n    at async LMStudioAdapter.performSingleRequest (C:\\Users\\Admin\\Desktop\\uiux\\InferencerC\\dist\\server\\adapters\\lmstudio.js:57:30)\n    at async LMStudioAdapter.chat (C:\\Users\\Admin\\Desktop\\uiux\\InferencerC\\dist\\server\\adapters\\lmstudio.js:18:20)\n    at async C:\\Users\\Admin\\Desktop\\uiux\\InferencerC\\dist\\server\\index.js:102:26"},"pid":16748,"hostname":"GenieEclipse"}
{"timestamp":"2026-01-24T02:08:46.996Z","level":"INFO","message":"Starting InferencerC server...","meta":{"port":3000},"pid":21948,"hostname":"GenieEclipse"}
{"timestamp":"2026-01-24T02:12:41.357Z","level":"INFO","message":"Starting InferencerC server...","meta":{"port":3000},"pid":2924,"hostname":"GenieEclipse"}
{"timestamp":"2026-01-24T02:14:16.739Z","level":"INFO","message":"Starting InferencerC server...","meta":{"port":3000},"pid":5528,"hostname":"GenieEclipse"}
{"timestamp":"2026-01-24T02:41:23.045Z","level":"INFO","message":"Starting InferencerC server...","meta":{"port":3000},"pid":21968,"hostname":"GenieEclipse"}
{"timestamp":"2026-01-24T02:50:34.933Z","level":"INFO","message":"Processing chat request","meta":{"model":"local-lmstudio","messageCount":2,"stream":false},"pid":21968,"hostname":"GenieEclipse"}
{"timestamp":"2026-01-24T02:54:02.100Z","level":"INFO","message":"Chat request completed","meta":{"model":"local-lmstudio","choiceCount":1},"pid":21968,"hostname":"GenieEclipse"}
{"timestamp":"2026-01-24T03:24:31.050Z","level":"INFO","message":"Starting InferencerC server...","meta":{"port":3000},"pid":20740,"hostname":"GenieEclipse"}
{"timestamp":"2026-01-24T03:25:36.668Z","level":"INFO","message":"Starting InferencerC server...","meta":{"port":3000},"pid":20108,"hostname":"GenieEclipse"}
{"timestamp":"2026-01-24T04:34:43.520Z","level":"INFO","message":"Starting InferencerC server...","meta":{"port":3000},"pid":18088,"hostname":"GenieEclipse"}
{"timestamp":"2026-01-24T04:35:58.807Z","level":"INFO","message":"Starting InferencerC server...","meta":{"port":3000},"pid":18508,"hostname":"GenieEclipse"}
{"timestamp":"2026-01-24T04:37:31.512Z","level":"INFO","message":"Processing chat request","meta":{"model":"local-lmstudio","messageCount":2,"stream":true},"pid":18508,"hostname":"GenieEclipse"}
{"timestamp":"2026-01-24T04:37:46.542Z","level":"INFO","message":"Chat stream completed","meta":{"model":"local-lmstudio"},"pid":18508,"hostname":"GenieEclipse"}
{"timestamp":"2026-01-24T04:52:48.971Z","level":"INFO","message":"Starting InferencerC server...","meta":{"port":3000},"pid":11396,"hostname":"GenieEclipse"}
{"timestamp":"2026-01-24T04:53:47.858Z","level":"INFO","message":"Starting InferencerC server...","meta":{"port":3000},"pid":9432,"hostname":"GenieEclipse"}
{"timestamp":"2026-01-24T05:25:26.885Z","level":"INFO","message":"Starting InferencerC server...","meta":{"port":3000},"pid":16032,"hostname":"GenieEclipse"}
{"timestamp":"2026-01-24T05:42:14.326Z","level":"INFO","message":"Starting InferencerC server...","meta":{"port":3000},"pid":7380,"hostname":"GenieEclipse"}
{"timestamp":"2026-01-24T05:43:27.404Z","level":"INFO","message":"Processing chat request","meta":{"model":"local-lmstudio","messageCount":2,"stream":true},"pid":7380,"hostname":"GenieEclipse"}
{"timestamp":"2026-01-24T05:43:37.627Z","level":"INFO","message":"Chat stream completed","meta":{"model":"local-lmstudio"},"pid":7380,"hostname":"GenieEclipse"}
{"timestamp":"2026-01-24T05:44:36.181Z","level":"INFO","message":"Processing chat request","meta":{"model":"local-lmstudio","messageCount":4,"stream":true},"pid":7380,"hostname":"GenieEclipse"}
{"timestamp":"2026-01-24T05:44:42.611Z","level":"INFO","message":"Chat stream completed","meta":{"model":"local-lmstudio"},"pid":7380,"hostname":"GenieEclipse"}
{"timestamp":"2026-01-24T05:51:18.008Z","level":"INFO","message":"Starting InferencerC server...","meta":{"port":3000},"pid":2232,"hostname":"GenieEclipse"}
{"timestamp":"2026-01-24T05:51:49.474Z","level":"INFO","message":"Processing chat request","meta":{"model":"local-lmstudio","messageCount":4,"stream":true},"pid":2232,"hostname":"GenieEclipse"}
{"timestamp":"2026-01-24T05:51:57.767Z","level":"INFO","message":"Chat stream completed","meta":{"model":"local-lmstudio"},"pid":2232,"hostname":"GenieEclipse"}
{"timestamp":"2026-01-24T05:52:33.837Z","level":"INFO","message":"Processing chat request","meta":{"model":"local-lmstudio","messageCount":6,"stream":true},"pid":2232,"hostname":"GenieEclipse"}
{"timestamp":"2026-01-24T05:52:41.027Z","level":"INFO","message":"Chat stream completed","meta":{"model":"local-lmstudio"},"pid":2232,"hostname":"GenieEclipse"}
{"timestamp":"2026-01-24T05:56:16.565Z","level":"INFO","message":"Starting InferencerC server...","meta":{"port":3000},"pid":19544,"hostname":"GenieEclipse"}
{"timestamp":"2026-01-24T05:56:52.241Z","level":"INFO","message":"Processing chat request","meta":{"model":"local-lmstudio","messageCount":2,"stream":true},"pid":19544,"hostname":"GenieEclipse"}
{"timestamp":"2026-01-24T05:58:38.082Z","level":"INFO","message":"Chat stream completed","meta":{"model":"local-lmstudio"},"pid":19544,"hostname":"GenieEclipse"}
{"timestamp":"2026-01-24T06:00:58.950Z","level":"INFO","message":"Processing chat request","meta":{"model":"local-lmstudio","messageCount":4,"stream":true},"pid":19544,"hostname":"GenieEclipse"}
{"timestamp":"2026-01-24T06:01:10.298Z","level":"INFO","message":"Chat stream completed","meta":{"model":"local-lmstudio"},"pid":19544,"hostname":"GenieEclipse"}
{"timestamp":"2026-01-24T06:04:55.216Z","level":"INFO","message":"Starting InferencerC server...","meta":{"port":3000},"pid":14068,"hostname":"GenieEclipse"}
{"timestamp":"2026-01-24T06:09:54.278Z","level":"INFO","message":"Starting InferencerC server...","meta":{"port":3000},"pid":20308,"hostname":"GenieEclipse"}
{"timestamp":"2026-01-24T06:14:47.932Z","level":"INFO","message":"Starting InferencerC server...","meta":{"port":3000},"pid":16716,"hostname":"GenieEclipse"}
{"timestamp":"2026-01-24T06:15:20.073Z","level":"INFO","message":"Processing chat request","meta":{"model":"local-lmstudio","messageCount":2,"stream":true},"pid":16716,"hostname":"GenieEclipse"}
{"timestamp":"2026-01-24T06:15:37.765Z","level":"INFO","message":"Chat stream completed","meta":{"model":"local-lmstudio"},"pid":16716,"hostname":"GenieEclipse"}
{"timestamp":"2026-01-24T06:16:01.497Z","level":"INFO","message":"Processing chat request","meta":{"model":"local-lmstudio","messageCount":4,"stream":true},"pid":16716,"hostname":"GenieEclipse"}
{"timestamp":"2026-01-24T06:16:24.320Z","level":"INFO","message":"Chat stream completed","meta":{"model":"local-lmstudio"},"pid":16716,"hostname":"GenieEclipse"}
{"timestamp":"2026-01-24T06:20:56.580Z","level":"INFO","message":"Starting InferencerC server...","meta":{"port":3000},"pid":16900,"hostname":"GenieEclipse"}
{"timestamp":"2026-01-24T06:21:40.144Z","level":"INFO","message":"Processing chat request","meta":{"model":"local-lmstudio","messageCount":2,"stream":true},"pid":16900,"hostname":"GenieEclipse"}
{"timestamp":"2026-01-24T06:21:49.467Z","level":"INFO","message":"Chat stream completed","meta":{"model":"local-lmstudio"},"pid":16900,"hostname":"GenieEclipse"}
{"timestamp":"2026-01-24T06:22:04.617Z","level":"INFO","message":"Processing chat request","meta":{"model":"local-lmstudio","messageCount":4,"stream":true},"pid":16900,"hostname":"GenieEclipse"}
{"timestamp":"2026-01-24T06:22:13.608Z","level":"INFO","message":"Chat stream completed","meta":{"model":"local-lmstudio"},"pid":16900,"hostname":"GenieEclipse"}
{"timestamp":"2026-01-24T06:46:58.281Z","level":"INFO","message":"Starting InferencerC server...","meta":{"port":3000},"pid":18064,"hostname":"GenieEclipse"}
{"timestamp":"2026-01-24T07:15:27.267Z","level":"INFO","message":"Starting InferencerC server...","meta":{"port":3000},"pid":1572,"hostname":"GenieEclipse"}
{"timestamp":"2026-01-24T07:22:52.449Z","level":"INFO","message":"Starting InferencerC server...","meta":{"port":3000},"pid":7200,"hostname":"GenieEclipse"}
{"timestamp":"2026-01-24T07:25:32.180Z","level":"INFO","message":"Starting InferencerC server...","meta":{"port":3000},"pid":19264,"hostname":"GenieEclipse"}
{"timestamp":"2026-01-24T07:36:19.132Z","level":"INFO","message":"Starting InferencerC server...","meta":{"port":3000},"pid":17684,"hostname":"GenieEclipse"}
{"timestamp":"2026-01-24T07:37:37.423Z","level":"INFO","message":"Processing chat request","meta":{"model":"local-lmstudio","messageCount":2,"stream":true},"pid":17684,"hostname":"GenieEclipse"}
{"timestamp":"2026-01-24T07:38:12.727Z","level":"INFO","message":"Chat stream completed","meta":{"model":"local-lmstudio"},"pid":17684,"hostname":"GenieEclipse"}
{"timestamp":"2026-01-24T08:12:55.861Z","level":"INFO","message":"Starting InferencerC server...","meta":{"port":3000},"pid":5792,"hostname":"GenieEclipse"}
{"timestamp":"2026-01-24T08:22:03.766Z","level":"INFO","message":"Starting InferencerC server...","meta":{"port":3000},"pid":17608,"hostname":"GenieEclipse"}
{"timestamp":"2026-01-24T08:37:33.417Z","level":"INFO","message":"Starting InferencerC server...","meta":{"port":3000},"pid":16632,"hostname":"GenieEclipse"}
{"timestamp":"2026-01-24T09:02:25.112Z","level":"INFO","message":"Starting InferencerC server...","meta":{"port":3000},"pid":24292,"hostname":"GenieEclipse"}
{"timestamp":"2026-01-24T09:03:39.113Z","level":"INFO","message":"Processing chat request","meta":{"model":"local-lmstudio","messageCount":2,"stream":true},"pid":24292,"hostname":"GenieEclipse"}
{"timestamp":"2026-01-24T09:11:55.475Z","level":"INFO","message":"Chat stream completed","meta":{"model":"local-lmstudio"},"pid":24292,"hostname":"GenieEclipse"}
{"timestamp":"2026-01-24T09:18:19.373Z","level":"INFO","message":"Starting InferencerC server...","meta":{"port":3000},"pid":16004,"hostname":"GenieEclipse"}
{"timestamp":"2026-01-24T09:21:46.193Z","level":"INFO","message":"Starting InferencerC server...","meta":{"port":3000},"pid":9328,"hostname":"GenieEclipse"}
{"timestamp":"2026-01-24T22:13:12.295Z","level":"INFO","message":"Starting InferencerC server...","meta":{"port":3000},"pid":2032,"hostname":"GenieEclipse"}
{"timestamp":"2026-01-24T22:14:56.870Z","level":"INFO","message":"Processing chat request","meta":{"model":"local-lmstudio","messageCount":2,"stream":true},"pid":2032,"hostname":"GenieEclipse"}
{"timestamp":"2026-01-24T22:15:04.775Z","level":"INFO","message":"Chat stream completed","meta":{"model":"local-lmstudio"},"pid":2032,"hostname":"GenieEclipse"}
{"timestamp":"2026-01-24T22:29:21.179Z","level":"INFO","message":"Starting InferencerC server...","meta":{"port":3000},"pid":14648,"hostname":"GenieEclipse"}
{"timestamp":"2026-01-24T22:34:26.358Z","level":"INFO","message":"Starting InferencerC server...","meta":{"port":3000},"pid":3684,"hostname":"GenieEclipse"}
{"timestamp":"2026-01-24T22:35:25.201Z","level":"INFO","message":"Starting InferencerC server...","meta":{"port":3000},"pid":19252,"hostname":"GenieEclipse"}
{"timestamp":"2026-01-24T22:44:36.939Z","level":"INFO","message":"Starting InferencerC server...","meta":{"port":3000},"pid":2516,"hostname":"GenieEclipse"}
{"timestamp":"2026-01-24T22:51:52.736Z","level":"INFO","message":"Starting InferencerC server...","meta":{"port":3000},"pid":18820,"hostname":"GenieEclipse"}
{"timestamp":"2026-01-24T22:53:34.375Z","level":"INFO","message":"Starting InferencerC server...","meta":{"port":3000},"pid":8564,"hostname":"GenieEclipse"}
{"timestamp":"2026-01-24T22:55:14.796Z","level":"INFO","message":"Processing chat request","meta":{"model":"local-lmstudio","messageCount":2,"stream":true},"pid":8564,"hostname":"GenieEclipse"}
{"timestamp":"2026-01-24T22:55:24.232Z","level":"INFO","message":"Chat stream completed","meta":{"model":"local-lmstudio"},"pid":8564,"hostname":"GenieEclipse"}
{"timestamp":"2026-01-24T23:07:10.189Z","level":"INFO","message":"Starting InferencerC server...","meta":{"port":3000},"pid":9800,"hostname":"GenieEclipse"}
{"timestamp":"2026-01-24T23:10:13.312Z","level":"INFO","message":"Processing chat request","meta":{"model":"local-lmstudio","messageCount":2,"stream":true},"pid":9800,"hostname":"GenieEclipse"}
{"timestamp":"2026-01-24T23:12:32.283Z","level":"INFO","message":"Chat stream completed","meta":{"model":"local-lmstudio"},"pid":9800,"hostname":"GenieEclipse"}
{"timestamp":"2026-01-24T23:19:47.996Z","level":"INFO","message":"Starting InferencerC server...","meta":{"port":3000},"pid":10224,"hostname":"GenieEclipse"}
{"timestamp":"2026-01-24T23:20:26.892Z","level":"WARN","message":"Chat request without model field","meta":{"ip":"::1","bodyKeys":["model","messages"]},"pid":10224,"hostname":"GenieEclipse"}
{"timestamp":"2026-01-24T23:32:21.687Z","level":"INFO","message":"Starting InferencerC server...","meta":{"port":3000},"pid":3248,"hostname":"GenieEclipse"}
{"timestamp":"2026-01-24T23:33:34.824Z","level":"INFO","message":"Starting InferencerC server...","meta":{"port":3000},"pid":19040,"hostname":"GenieEclipse"}
{"timestamp":"2026-01-24T23:45:05.627Z","level":"INFO","message":"Starting InferencerC server...","meta":{"port":3000},"pid":8392,"hostname":"GenieEclipse"}
{"timestamp":"2026-01-24T23:46:00.419Z","level":"INFO","message":"Starting InferencerC server...","meta":{"port":3000},"pid":10016,"hostname":"GenieEclipse"}
{"timestamp":"2026-01-24T23:54:05.685Z","level":"INFO","message":"Starting InferencerC server...","meta":{"port":3000},"pid":19388,"hostname":"GenieEclipse"}
{"timestamp":"2026-01-24T23:59:22.163Z","level":"INFO","message":"Starting InferencerC server...","meta":{"port":3000},"pid":20452,"hostname":"GenieEclipse"}
{"timestamp":"2026-01-25T00:01:21.639Z","level":"INFO","message":"Starting InferencerC server...","meta":{"port":3000},"pid":10472,"hostname":"GenieEclipse"}
{"timestamp":"2026-01-25T00:04:15.670Z","level":"INFO","message":"Starting InferencerC server...","meta":{"port":3000},"pid":14484,"hostname":"GenieEclipse"}
{"timestamp":"2026-01-25T01:10:41.556Z","level":"INFO","message":"Starting InferencerC server...","meta":{"port":3000},"pid":18748,"hostname":"GenieEclipse"}
{"timestamp":"2026-01-25T01:12:11.663Z","level":"INFO","message":"Starting InferencerC server...","meta":{"port":3000},"pid":14516,"hostname":"GenieEclipse"}
{"timestamp":"2026-01-25T01:14:34.271Z","level":"INFO","message":"Starting InferencerC server...","meta":{"port":3000},"pid":19744,"hostname":"GenieEclipse"}
{"timestamp":"2026-01-25T01:15:49.526Z","level":"INFO","message":"Starting InferencerC server...","meta":{"port":3000},"pid":18732,"hostname":"GenieEclipse"}
{"timestamp":"2026-01-25T02:41:31.160Z","level":"INFO","message":"Starting InferencerC server...","meta":{"port":3000},"pid":20708,"hostname":"GenieEclipse"}
{"timestamp":"2026-01-25T02:43:38.894Z","level":"INFO","message":"Processing chat request","meta":{"model":"local-lmstudio","messageCount":2,"stream":true},"pid":20708,"hostname":"GenieEclipse"}
{"timestamp":"2026-01-25T02:43:56.429Z","level":"INFO","message":"Chat stream completed","meta":{"model":"local-lmstudio"},"pid":20708,"hostname":"GenieEclipse"}
{"timestamp":"2026-01-25T02:45:42.686Z","level":"INFO","message":"Starting InferencerC server...","meta":{"port":3000},"pid":14164,"hostname":"GenieEclipse"}
{"timestamp":"2026-01-25T02:50:44.918Z","level":"INFO","message":"Starting InferencerC server...","meta":{"port":3000},"pid":20340,"hostname":"GenieEclipse"}
{"timestamp":"2026-01-25T02:54:48.678Z","level":"INFO","message":"Starting InferencerC server...","meta":{"port":3000},"pid":10092,"hostname":"GenieEclipse"}
{"timestamp":"2026-01-25T02:57:38.859Z","level":"INFO","message":"Starting InferencerC server...","meta":{"port":3000},"pid":16008,"hostname":"GenieEclipse"}
{"timestamp":"2026-01-25T03:00:06.869Z","level":"INFO","message":"Starting InferencerC server...","meta":{"port":3000},"pid":20972,"hostname":"GenieEclipse"}
{"timestamp":"2026-01-25T03:02:21.334Z","level":"INFO","message":"Starting InferencerC server...","meta":{"port":3000},"pid":20760,"hostname":"GenieEclipse"}
{"timestamp":"2026-01-25T03:06:56.842Z","level":"INFO","message":"Starting InferencerC server...","meta":{"port":3000},"pid":19080,"hostname":"GenieEclipse"}
{"timestamp":"2026-01-25T03:10:29.236Z","level":"INFO","message":"Starting InferencerC server...","meta":{"port":3000},"pid":18172,"hostname":"GenieEclipse"}
{"timestamp":"2026-01-25T03:15:21.107Z","level":"INFO","message":"Starting InferencerC server...","meta":{"port":3000},"pid":19184,"hostname":"GenieEclipse"}
{"timestamp":"2026-01-25T03:18:41.226Z","level":"INFO","message":"Starting InferencerC server...","meta":{"port":3000},"pid":10864,"hostname":"GenieEclipse"}
{"timestamp":"2026-01-25T03:21:36.518Z","level":"INFO","message":"Starting InferencerC server...","meta":{"port":3000},"pid":19236,"hostname":"GenieEclipse"}
{"timestamp":"2026-01-25T03:25:35.095Z","level":"INFO","message":"Starting InferencerC server...","meta":{"port":3000},"pid":20196,"hostname":"GenieEclipse"}
{"timestamp":"2026-01-25T03:28:55.544Z","level":"INFO","message":"Starting InferencerC server...","meta":{"port":3000},"pid":6868,"hostname":"GenieEclipse"}
{"timestamp":"2026-01-25T03:38:40.337Z","level":"INFO","message":"Starting InferencerC server...","meta":{"port":3000},"pid":19204,"hostname":"GenieEclipse"}
{"timestamp":"2026-01-25T03:42:31.612Z","level":"INFO","message":"Starting InferencerC server...","meta":{"port":3000},"pid":20060,"hostname":"GenieEclipse"}
{"timestamp":"2026-02-07T06:03:59.473Z","level":"INFO","message":"Starting InferencerC server...","meta":{"port":3000},"pid":13708,"hostname":"GenieEclipse"}
{"timestamp":"2026-02-07T06:06:27.950Z","level":"INFO","message":"Starting InferencerC server...","meta":{"port":3000},"pid":7652,"hostname":"GenieEclipse"}
{"timestamp":"2026-02-07T06:09:21.345Z","level":"INFO","message":"Starting InferencerC server...","meta":{"port":3000},"pid":1304,"hostname":"GenieEclipse"}
